=== 实验开始: 2025-02-13 21:42:25 ===


==================== NO_KB 版本 ====================

【轮次 1】
CLIENT: 嗯，其实我最近心情好了很多，有了男朋友的陪伴，感觉没那么孤单了。但是，我心里还是有些过不去的坎儿，我爸妈不接受我，我觉得自己让他们失望了。
COUNSELOR: 我能感受到你现在的心情是复杂的。一方面，有了男朋友的陪伴让你感到温暖和幸福，这真是太好了。另一方面，父母的不接纳又让你感到难过和自责。这种矛盾的心情一定让你很困扰吧。

你能跟我多说说，是什么让你觉得父母不接受你呢？他们具体说过或做过什么让你有这种感觉？同时，我也很好奇，你是如何应对这种不被接纳的感觉的？有没有尝试过和父母沟通呢？

记住，你的价值不是由他人的认可来决定的。即使父母暂时不理解，你依然是一个值得被爱、被尊重的人。让我们一起探讨如何建立更健康的自我认知，好吗？

【轮次 2】
CLIENT: 谢谢你的理解，我确实感到很矛盾。我爸妈曾经明确说过，他们无法接受同性恋，甚至用了一些很难听的话，这让我感到非常受伤。我尝试过和他们沟通，但他们的态度很坚决，我感觉自己怎么做都得不到他们的认可。我一直在尝试接受自己，但每次想到父母的反应，我就忍不住感到愧疚和羞耻。
COUNSELOR: 我能感受到你内心的挣扎和痛苦。面对父母的不理解和排斥，你感到受伤、愧疚和羞耻，这是完全可以理解的。你能够主动寻求帮助，并且尝试与父母沟通，这已经是非常勇敢和值得肯定的行为了。

让我们一起来探讨一下你的感受和想法，看看是否有一些认知上的偏差或消极的思维模式在影响你的情绪和行为。认知行为疗法（CBT）可以帮助我们识别和改变这些不合理的思维模式，从而改善你的情绪状态。

### 1. 识别自动思维
当你想到父母的反应时，你脑海中会浮现出哪些具体的想法？例如，你是否会觉得自己“不够好”或“不值得被爱”？这些自动思维可能是导致你感到愧疚和羞耻的原因。

### 2. 评估自动思维的真实性
我们可以一起评估这些自动思维是否真实或合理。例如，你可能会认为“如果父母不接受我，那我就是错的”，但实际上，性取向是个人身份的一部分，并不存在对错之分。我们可以通过提问来挑战这些思维：
- 有什么证据支持或反驳这个想法？
- 这个想法是否过于绝对化？
- 如果我的朋友处于同样的情境，我会怎么看待他们？

### 3. 探索替代思维
一旦我们识别并评估了这些自动思维，我们可以尝试寻找更合理、更积极的替代思维。例如：
- “我的性取向是我的一部分，它并不影响我的价值。”
- “父母的态度可能源于他们的成长背景和认知局限，但这并不代表我是错的。”
- “我值得被爱和尊重，即使父母暂时无法理解我。”

### 4. 行为实验
我们可以设计一些行为实验来验证这些替代思维。例如，你可以尝试与支持你的朋友或社群交流，看看他们的反应是否与你的预期一致。通过实际体验，你可以逐渐建立对自己和他人更积极的认知。

### 5. 情绪管理技巧
在面对父母的负面反应时，情绪管理技巧也非常重要。你可以尝试以下方法：
- **深呼吸**：当你感到焦虑或愧疚时，深呼吸可以帮助你平静下来。
- **正念冥想**：通过正念练习，你可以学会接纳自己的情绪，而不是被它们控制。
- **自我肯定**：每天对自己说一些积极的话语，例如“我值得被爱”或“我正在努力成为更好的自己”。

### 6. 进一步评估
为了更好地了解你的情况，我可能会建议使用一些评估工具，例如：
- **贝克抑郁量表（BDI）**：评估你是否有抑郁症状。
- **焦虑自评量表（SAS）**：评估你是否有焦虑症状。
- **自尊量表（Rosenberg Self-Esteem Scale）**：评估你的自尊水平。

这些工具可以帮助我们更全面地了解你的情绪状态，并制定更有针对性的治疗计划。

### 7. 长期目标
我们的长期目标是帮助你建立更健康的自我认知，增强你的情绪调节能力，并改善你与父母的关系（如果可能的话）。即使父母暂时无法理解你，你也可以通过建立支持系统（如朋友、社群或心理咨询）来获得情感支持。

请记住，你并不孤单，很多人都在经历类似的挣扎。通过CBT，我们可以一步步帮助你走出困境，找到内心的平静和自信。如果你愿意，我们可以继续深入探讨这些话题，并制定具体的行动计划。你觉得呢？

【轮次 3】
CLIENT: 谢谢你的帮助，这些方法听起来很有帮助。我觉得认知行为疗法可能会对我的情况有所帮助，我会尝试去识别和改变那些消极的思维模式。同时，我也希望能够通过情绪管理技巧来更好地应对父母的负面反应。
COUNSELOR: 我很高兴听到你对认知行为疗法（CBT）感兴趣，并且愿意尝试这些方法来改善你的情况。你提到的识别和改变消极思维模式，以及通过情绪管理技巧来应对父母的负面反应，都是非常积极的步骤。接下来，我们可以一起深入探讨这些方面，帮助你更好地理解和应用这些技巧。

### 1. 识别和改变消极思维模式
首先，我们可以从识别你的消极思维模式开始。你能否回忆一下，最近有没有一些让你感到特别沮丧、焦虑或无助的情境？在这些情境中，你脑海中出现了哪些想法？这些想法是否有一些共同的特点，比如过于悲观、绝对化或自我批评？

**示例：**
- **情境：** 父母对你的决定表示不满。
- **消极思维：** “我永远无法让他们满意，我做什么都是错的。”
- **共同特点：** 绝对化思维（“永远”、“都是”），自我批评。

### 2. 情绪管理技巧
接下来，我们可以探讨一些情绪管理技巧，帮助你更好地应对父母的负面反应。你提到希望在这方面有所改进，那么我们可以从以下几个方面入手：

- **深呼吸和放松技巧：** 当你感到情绪激动时，深呼吸可以帮助你平静下来。你可以尝试“4-7-8”呼吸法：吸气4秒，屏住呼吸7秒，缓慢呼气8秒。
- **情绪标签：** 当你感到情绪波动时，试着给这种情绪贴上标签，比如“我现在感到愤怒”或“我现在感到失望”。这可以帮助你更好地理解和管理自己的情绪。
- **积极自我对话：** 当你感到被父母的负面反应影响时，试着用积极的自我对话来替代消极的想法。比如，“我无法控制他们的反应，但我可以控制自己的情绪和行为。”

### 3. 评估工具
为了更全面地了解你的情况，我们可以使用一些评估工具来进一步探索你的情绪、行为和认知模式。以下是一些常用的评估工具：

- **贝克抑郁量表（BDI）：** 用于评估抑郁症状的严重程度。
- **贝克焦虑量表（BAI）：** 用于评估焦虑症状的严重程度。
- **自动思维问卷（ATQ）：** 用于识别和评估消极思维模式。

这些工具可以帮助我们更系统地了解你的情况，并制定更有针对性的治疗计划。

### 4. 下一步
在接下来的会话中，我们可以一起回顾你尝试这些方法后的感受和效果，并根据你的反馈调整治疗计划。你愿意在下次会话前尝试一些情绪管理技巧，并记录下你的感受和想法吗？

**示例：**
- **任务：** 每天记录一次你感到情绪波动的时刻，并尝试使用深呼吸或情绪标签来管理情绪。
- **记录：** 写下你当时的情绪、想法和采取的行动。

通过这些步骤，我们可以逐步帮助你改善情绪管理能力，并减少消极思维对你的影响。你愿意尝试这些方法吗？

==================== PDF_KB 版本 ====================

【轮次 1】
CLIENT: 嗯，我觉得自从交了男朋友后，生活好像有了一些光亮，但还是很担心父母的态度，有时候还是会因为自己的性取向感到有点自卑和难过。
COUNSELOR: 我能感受到你对这段关系的珍视，同时也理解你对父母态度的担忧和自我认同的困扰。让我们一起来探讨这些感受，好吗？

首先，我想肯定你勇敢地分享这些内心感受。能够坦诚地表达自己的情感和困扰，这本身就是一种力量的体现。你提到生活有了光亮，这让我很为你高兴。能跟我多说说，这段关系给你带来了哪些积极的变化吗？

关于对父母态度的担忧，这是很多LGBTQ+群体都会面临的挑战。你能否具体描述一下，你最担心父母会有什么样的反应？这种担忧对你的日常生活产生了什么影响？

至于自我认同方面，你提到有时会感到自卑和难过。这些感受通常会在什么时候出现？有没有什么特定的想法会引发这些情绪？

为了更好地理解你的情况，我建议我们可以使用一些评估工具：
1. 自尊量表（Rosenberg Self-Esteem Scale）可以帮助我们了解你的自我认同感
2. 焦虑量表（GAD-7）可以评估你的焦虑程度
3. 抑郁量表（PHQ-9）可以帮助我们了解你的情绪状态

你觉得这些评估工具对你有帮助吗？或者你更倾向于先通过谈话来探索这些感受？

记住，你的感受都是valid的，我们在这里一起努力，帮助你建立更积极的自我认知，学会应对这些挑战。你觉得我们应该从哪个方面开始深入探讨呢？

【轮次 2】
CLIENT: 嗯，我觉得交了男朋友之后，有人理解和支持我，感觉没那么孤单了。但想到父母那边，我还是挺害怕他们会排斥我，这种害怕让我有时候晚上都睡不好。至于自我认同的问题，我通常会在自己独处或者看到别人家庭和睦的时候感到难过，觉得自己为什么不能像他们一样得到家人的接纳和支持。
COUNSELOR: 我能感受到你在亲密关系中找到了一些支持和理解，这让你感到不那么孤单了，这是非常积极的变化。同时，我也听到你对父母的排斥感到害怕，这种害怕甚至影响到了你的睡眠。此外，你在独处或看到别人家庭和睦时，会感到难过，觉得自己没有得到家人的接纳和支持。这些情绪和想法对你来说一定很不容易。

让我们一起来探索一下这些感受和想法，好吗？

### 1. 识别和挑战自动思维
首先，我们可以尝试识别你在这些情境下的自动思维。比如，当你想到父母可能会排斥你时，你脑海中会浮现哪些具体的想法？这些想法是否有一些共同的模式？例如，你是否会认为“他们永远不会接受我”或“我永远无法得到他们的爱”？

### 2. 评估这些思维的真实性
接下来，我们可以一起评估这些思维的真实性。你有没有一些证据支持或反驳这些想法？例如，有没有一些时刻，父母表现出了一些接纳或关心的迹象？或者，有没有一些情境下，你的担忧并没有成真？

### 3. 行为实验
为了进一步验证这些思维，我们可以设计一些行为实验。比如，你可以尝试与父母进行一次温和的对话，表达你的感受和需求，看看他们的反应如何。这可以帮助你更客观地评估他们的态度，而不是仅仅依赖于你的担忧和假设。

### 4. 自我认同的探索
关于自我认同的问题，我们可以一起探索你在独处时的感受。你提到在独处或看到别人家庭和睦时会感到难过，这些时刻你是否有一些特定的想法或信念？例如，你是否会觉得自己不够好，或者觉得自己不值得被爱？

### 5. 强化积极的自我信念
我们可以尝试通过一些练习来强化你的积极自我信念。例如，每天记录下你感到自豪或满足的时刻，或者写下你对自己的积极评价。这可以帮助你逐渐建立更健康的自我认同。

### 6. 评估工具
为了更深入地了解你的情况，我可能会建议使用一些评估工具，比如《贝克焦虑量表》（BAI）或《贝克抑郁量表》（BDI），来评估你的焦虑和抑郁水平。此外，我们也可以使用《家庭功能评估量表》来了解你对家庭关系的感知和期望。

### 7. 逐步暴露
如果你对父母的排斥感到非常害怕，我们可以尝试逐步暴露的方法。你可以从一些小的、低风险的互动开始，逐渐增加与父母的接触，同时在这个过程中观察和调整你的情绪反应。

### 8. 放松技巧
为了帮助你改善睡眠，我们可以一起学习一些放松技巧，比如深呼吸、渐进性肌肉放松或冥想。这些技巧可以帮助你在睡前放松身心，减少焦虑感。

### 9. 设定目标
最后，我们可以一起设定一些短期和长期的目标。例如，短期目标可能是改善睡眠质量，长期目标可能是与父母建立更健康的关系。设定目标可以帮助你更有方向感，也能让你看到自己的进步。

你觉得这些方法中，哪些对你来说最有吸引力？或者你有没有其他想法或感受想要分享？
【检索到的相关文档】
来源: book.pdf, 页码: 204
内容: 188 第三部分 “认知行为治疗实践 189 延长治疗。 “我又感到焦虑了，所以现在还不能让我离开”。当治疗快要结束时，一些 来访者担心独自面对问题，认为自己治疗结束后要“盘泪”。这些恐惧激活了他们 现存的症状，让他们觉得自己变得更糟，而不是更好。此时可以提醒他们这样的感 觉不是事实 比如，“仅仅感...
来源: book.pdf, 页码: 206
内容: 。为了强化信念 “为了变得开心或证 明目己的价值，我将不再需要爱”，她花费了一段时间独处。这再次肯定了她可以 享受独处。所以来访者告诉她的伙伴 “当不再依赖别人，我们过得更好了。” 对于来访者而言，另一种维持和强化治疗效果的方法是将治疗中学到的认知行 为治疗技巧教给别人，比如，向一位朋友解释对于婚姻...

【轮次 3】
CLIENT: 我觉得你说的这些方法挺有帮助的，尤其是识别和挑战自动思维的部分，我想这可能对我理解自己的恐惧和焦虑很有帮助。我也希望能找到一些方法来改善我的睡眠，因为失眠真的让我很疲惫。我们一起努力吧，我也想变得更积极一些。
COUNSELOR: 我很高兴听到你觉得这些方法有帮助，尤其是识别和挑战自动思维的部分。这确实是认知行为疗法（CBT）中非常重要的一步，因为它能帮助我们更清晰地看到那些可能影响我们情绪和行为的想法。你提到希望通过这些方法来理解自己的恐惧和焦虑，这是一个非常好的目标。同时，我也注意到你提到失眠的问题，这确实会让人感到疲惫，甚至可能加重焦虑和抑郁的情绪。

### 1. **评估情绪和行为问题**
从你的描述中，我初步判断你可能正在经历一些**情绪问题**，比如焦虑和恐惧，以及**行为问题**，比如失眠。这些情绪和行为问题可能是相互影响的：焦虑可能导致失眠，而失眠又可能加重焦虑。为了更好地理解你的情况，我们可以使用一些**评估工具**来进一步探索。

#### 可能的评估工具：
- **贝克焦虑量表（BAI）**：用于评估焦虑的严重程度。
- **贝克抑郁量表（BDI）**：用于评估抑郁的严重程度。
- **失眠严重程度指数（ISI）**：用于评估失眠的程度和影响。

这些工具可以帮助我们更具体地了解你的情绪和行为状态，从而制定更有针对性的治疗计划。

### 2. **CBT干预策略**
接下来，我们可以结合CBT的方法来帮助你改善当前的状况。以下是一些我们可以尝试的策略：

#### （1）**识别和挑战自动思维**
你已经提到这部分对你有帮助，我们可以继续深入。你可以尝试记录下那些让你感到焦虑或恐惧的自动思维，然后我们一起分析这些思维是否合理，是否有证据支持。通过这种方式，你可以逐渐学会用更现实和积极的方式来看待问题。

#### （2）**行为激活**
你提到想变得更积极一些，这非常好。我们可以通过**行为激活**来帮助你逐步增加一些积极的活动。比如，每天安排一些让你感到愉快或有成就感的小任务，哪怕只是散步10分钟或读几页书。这些小的改变可以帮助你打破消极的循环，逐渐建立更积极的生活方式。

#### （3）**睡眠卫生和放松训练**
对于失眠问题，我们可以从**睡眠卫生**和**放松训练**入手。你可以尝试以下方法：
- 保持规律的作息时间，尽量每天在同一时间上床和起床。
- 避免在睡前使用电子设备，减少蓝光对睡眠的影响。
- 尝试一些放松技巧，比如深呼吸、渐进性肌肉放松或冥想，这些方法可以帮助你在睡前放松身心。

### 3. **设定具体目标**
为了让我们更有方向感，我们可以一起设定一些具体的目标。比如：
- 每周记录3次自动思维，并尝试挑战它们。
- 每天安排一项让你感到愉快的活动。
- 尝试改善睡眠卫生，并在睡前进行10分钟的放松练习。

你觉得这些目标怎么样？我们可以根据你的反馈来调整。

### 4. **总结与鼓励**
你已经迈出了非常重要的一步，愿意面对自己的问题并寻求帮助。CBT是一个循序渐进的过程，可能需要一些时间和练习，但我相信通过我们的共同努力，你一定能够逐渐改善自己的情绪和行为，找到更积极的生活方式。

如果你有任何问题或需要进一步的支持，随时告诉我。我们一起努力，好吗？
【检索到的相关文档】
来源: book.pdf, 页码: 215
内容: 。消极想法似乎 比实际上更强大，因为我们一直在和它们争吵辩论，沉浸其中或试图抑制 、控制 他们，远离他们或者劝告自己积极思考一一往往是没什么用的，我们会变成消极 想法的内犯。 来访者不会一整天都坐在那儿观察他们的想法 就像认知行为治疗来访者不会 一直挑战自己的想法 ，而是带着这样的想法和感受去参加有...
来源: book.pdf, 页码: 34
内容: 。行为的改变是指，让来访者摆脱自己的不利于适应的信念来行事，逐渐自 己来决定如何建设性地安排自己的时间。通过改变他的行为来访者逐渐意识到他 的消极自我意象是抑郁的一部分，并不是自己的“本来面目”。总之，认知和行为 改变同样重要 因此叫认知行为治疗 。...

==================== TXT_KB 版本 ====================
生成咨询师回应失败: Expecting value: line 1 column 1 (char 0)

【轮次 1】
CLIENT: 最近感觉稍微好了一些，可能是因为交了男朋友，他的支持让我没那么绝望了。但是，我还是会因为父母不接受我的性取向而感到很难过和愧疚。
COUNSELOR: 我理解您的感受，能具体说说发生了什么吗？
【检索到的相关文档】
来源: trans.txt, 页码: unknown
内容: 。 会话例子： 咨询师：在过去的一周里，有没有发生过让你情绪波动很大的事情？ 用户：有的，昨天我在家里和家人吵架后，感觉特别沮丧。 咨询师：你能回忆一下当时你的想法吗？任何一闪而过的念头都可以。 用户：我觉得他们根本不关心我，我永远都不会有幸福的家庭。 咨询师：这是一个很强烈的想法。你觉得它包含了哪...
生成咨询师回应失败: Expecting value: line 1 column 1 (char 0)

【轮次 2】
CLIENT: 嗯，那天他们发现我房间里的日记，里面记录了我对自己的性取向的探索和感受，他们看了之后非常愤怒，说我这是病，要我改。我觉得特别无助，他们本来是我最亲近的人，现在却因为我的性取向而变得那么冷漠。
COUNSELOR: 我理解您的感受，能具体说说发生了什么吗？
生成咨询师回应失败: Expecting value: line 1 column 1 (char 0)

【轮次 3】
CLIENT: 我知道他们可能很难接受，但我真的很受伤。我一直在想，是不是我真的做错了什么，才让他们这样对待我。我只是想做一个真实的自己，但感觉好像这都成了奢望。
COUNSELOR: 我理解您的感受，能具体说说发生了什么吗？
【检索到的相关文档】
来源: trans.txt, 页码: unknown
内容: 。 咨询师：听起来这次经历让你很沮丧。你认为在这个过程中有什么样的负面想法呢？ 用户：我觉得我就是不够好，别人都比我强。 咨询师：这种想法似乎非常严厉。有没有证据支持或反驳这种想法呢？ 用户：嗯，其实我之前的项目都做得还不错，同事们也常说我很有创意。 咨询师：那么，基于这些事实，你认为你可以用什么其...
来源: trans.txt, 页码: unknown
内容: 。 会话例子： 咨询师：在过去的一周里，有没有发生过让你情绪波动很大的事情？ 用户：有的，昨天我在家里和家人吵架后，感觉特别沮丧。 咨询师：你能回忆一下当时你的想法吗？任何一闪而过的念头都可以。 用户：我觉得他们根本不关心我，我永远都不会有幸福的家庭。 咨询师：这是一个很强烈的想法。你觉得它包含了哪...

=== 综合评估结果 ===

【NO_KB】
检索质量:
  Recall@1: 0.00
  Recall@3: 0.00
  Precision@1: 0.00
  Precision@3: 0.00
生成质量:
  平均回复长度: 870.7字
  连贯性: 0.82
  忠实度: 0.00
  信息整合: 0.26

【PDF_KB】
检索质量:
  Recall@1: 0.67
  Recall@3: 1.33
  Precision@1: 0.67
  Precision@3: 0.44
生成质量:
  平均回复长度: 981.0字
  连贯性: 0.80
  忠实度: 0.85
  信息整合: 0.26

【TXT_KB】
检索质量:
  Recall@1: 0.67
  Recall@3: 1.00
  Precision@1: 0.67
  Precision@3: 0.33
生成质量:
  平均回复长度: 20.0字
  连贯性: 1.00
  忠实度: 0.75
  信息整合: 0.00
